INFO - 2023-01-28 05:07:38 --> Session: Class initialized using 'CodeIgniter\Session\Handlers\FileHandler' driver.
INFO - 2023-01-28 05:07:41 --> Session: Class initialized using 'CodeIgniter\Session\Handlers\FileHandler' driver.
INFO - 2023-01-28 05:08:35 --> Session: Class initialized using 'CodeIgniter\Session\Handlers\FileHandler' driver.
INFO - 2023-01-28 05:08:50 --> Session: Class initialized using 'CodeIgniter\Session\Handlers\FileHandler' driver.
INFO - 2023-01-28 05:09:09 --> Session: Class initialized using 'CodeIgniter\Session\Handlers\FileHandler' driver.
INFO - 2023-01-28 05:09:24 --> Session: Class initialized using 'CodeIgniter\Session\Handlers\FileHandler' driver.
INFO - 2023-01-28 05:09:36 --> Session: Class initialized using 'CodeIgniter\Session\Handlers\FileHandler' driver.
INFO - 2023-01-28 05:10:56 --> Session: Class initialized using 'CodeIgniter\Session\Handlers\FileHandler' driver.
INFO - 2023-01-28 05:11:01 --> Session: Class initialized using 'CodeIgniter\Session\Handlers\FileHandler' driver.
INFO - 2023-01-28 05:11:06 --> Session: Class initialized using 'CodeIgniter\Session\Handlers\FileHandler' driver.
INFO - 2023-01-28 05:22:54 --> Session: Class initialized using 'CodeIgniter\Session\Handlers\FileHandler' driver.
INFO - 2023-01-28 05:23:38 --> Session: Class initialized using 'CodeIgniter\Session\Handlers\FileHandler' driver.
INFO - 2023-01-28 05:23:42 --> Session: Class initialized using 'CodeIgniter\Session\Handlers\FileHandler' driver.
INFO - 2023-01-28 05:23:43 --> Session: Class initialized using 'CodeIgniter\Session\Handlers\FileHandler' driver.
INFO - 2023-01-28 05:25:04 --> Session: Class initialized using 'CodeIgniter\Session\Handlers\FileHandler' driver.
INFO - 2023-01-28 05:26:08 --> Session: Class initialized using 'CodeIgniter\Session\Handlers\FileHandler' driver.
INFO - 2023-01-28 05:26:11 --> Session: Class initialized using 'CodeIgniter\Session\Handlers\FileHandler' driver.
INFO - 2023-01-28 05:26:13 --> Session: Class initialized using 'CodeIgniter\Session\Handlers\FileHandler' driver.
INFO - 2023-01-28 05:26:27 --> Session: Class initialized using 'CodeIgniter\Session\Handlers\FileHandler' driver.
INFO - 2023-01-28 05:26:31 --> Session: Class initialized using 'CodeIgniter\Session\Handlers\FileHandler' driver.
INFO - 2023-01-28 05:27:17 --> Session: Class initialized using 'CodeIgniter\Session\Handlers\FileHandler' driver.
INFO - 2023-01-28 05:27:32 --> Session: Class initialized using 'CodeIgniter\Session\Handlers\FileHandler' driver.
INFO - 2023-01-28 05:27:37 --> Session: Class initialized using 'CodeIgniter\Session\Handlers\FileHandler' driver.
INFO - 2023-01-28 05:27:41 --> Session: Class initialized using 'CodeIgniter\Session\Handlers\FileHandler' driver.
INFO - 2023-01-28 05:27:44 --> Session: Class initialized using 'CodeIgniter\Session\Handlers\FileHandler' driver.
INFO - 2023-01-28 05:28:24 --> Session: Class initialized using 'CodeIgniter\Session\Handlers\FileHandler' driver.
INFO - 2023-01-28 06:04:51 --> Session: Class initialized using 'CodeIgniter\Session\Handlers\FileHandler' driver.
INFO - 2023-01-28 06:05:21 --> Session: Class initialized using 'CodeIgniter\Session\Handlers\FileHandler' driver.
INFO - 2023-01-28 06:07:34 --> Session: Class initialized using 'CodeIgniter\Session\Handlers\FileHandler' driver.
INFO - 2023-01-28 06:07:35 --> Session: Class initialized using 'CodeIgniter\Session\Handlers\FileHandler' driver.
INFO - 2023-01-28 06:09:52 --> Session: Class initialized using 'CodeIgniter\Session\Handlers\FileHandler' driver.
INFO - 2023-01-28 06:09:57 --> Session: Class initialized using 'CodeIgniter\Session\Handlers\FileHandler' driver.
INFO - 2023-01-28 06:10:22 --> Session: Class initialized using 'CodeIgniter\Session\Handlers\FileHandler' driver.
INFO - 2023-01-28 06:10:25 --> Session: Class initialized using 'CodeIgniter\Session\Handlers\FileHandler' driver.
INFO - 2023-01-28 06:10:36 --> Session: Class initialized using 'CodeIgniter\Session\Handlers\FileHandler' driver.
INFO - 2023-01-28 06:10:39 --> Session: Class initialized using 'CodeIgniter\Session\Handlers\FileHandler' driver.
INFO - 2023-01-28 06:10:41 --> Session: Class initialized using 'CodeIgniter\Session\Handlers\FileHandler' driver.
INFO - 2023-01-28 06:10:45 --> Session: Class initialized using 'CodeIgniter\Session\Handlers\FileHandler' driver.
INFO - 2023-01-28 06:10:47 --> Session: Class initialized using 'CodeIgniter\Session\Handlers\FileHandler' driver.
INFO - 2023-01-28 06:10:48 --> Session: Class initialized using 'CodeIgniter\Session\Handlers\FileHandler' driver.
INFO - 2023-01-28 06:10:49 --> Session: Class initialized using 'CodeIgniter\Session\Handlers\FileHandler' driver.
INFO - 2023-01-28 06:11:05 --> Session: Class initialized using 'CodeIgniter\Session\Handlers\FileHandler' driver.
CRITICAL - 2023-01-28 06:11:05 --> "min_leghth" is not a valid rule.
in SYSTEMPATH/Validation/Validation.php on line 320.
 1 SYSTEMPATH/Validation/Validation.php(320): CodeIgniter\Validation\Exceptions\ValidationException::forRuleNotFound('min_leghth')
 2 SYSTEMPATH/Validation/Validation.php(170): CodeIgniter\Validation\Validation->processRules('username', 'username', 'FCPATH/admin', [...], [...])
 3 SYSTEMPATH/Controller.php(140): CodeIgniter\Validation\Validation->run()
 4 APPPATH/Controllers/admin.php(39): CodeIgniter\Controller->validate([...])
 5 SYSTEMPATH/CodeIgniter.php(934): App\Controllers\admin->sinin()
 6 SYSTEMPATH/CodeIgniter.php(499): CodeIgniter\CodeIgniter->runController(Object(App\Controllers\admin))
 7 SYSTEMPATH/CodeIgniter.php(368): CodeIgniter\CodeIgniter->handleRequest(null, Object(Config\Cache), false)
 8 FCPATH/index.php(67): CodeIgniter\CodeIgniter->run()
INFO - 2023-01-28 06:12:08 --> Session: Class initialized using 'CodeIgniter\Session\Handlers\FileHandler' driver.
INFO - 2023-01-28 06:12:10 --> Session: Class initialized using 'CodeIgniter\Session\Handlers\FileHandler' driver.
INFO - 2023-01-28 06:12:13 --> Session: Class initialized using 'CodeIgniter\Session\Handlers\FileHandler' driver.
INFO - 2023-01-28 06:12:32 --> Session: Class initialized using 'CodeIgniter\Session\Handlers\FileHandler' driver.
CRITICAL - 2023-01-28 06:12:32 --> "min_leghth" is not a valid rule.
in SYSTEMPATH/Validation/Validation.php on line 320.
 1 SYSTEMPATH/Validation/Validation.php(320): CodeIgniter\Validation\Exceptions\ValidationException::forRuleNotFound('min_leghth')
 2 SYSTEMPATH/Validation/Validation.php(170): CodeIgniter\Validation\Validation->processRules('username', 'username', 'ad', [...], [...])
 3 SYSTEMPATH/Controller.php(140): CodeIgniter\Validation\Validation->run()
 4 APPPATH/Controllers/admin.php(39): CodeIgniter\Controller->validate([...])
 5 SYSTEMPATH/CodeIgniter.php(934): App\Controllers\admin->sinin()
 6 SYSTEMPATH/CodeIgniter.php(499): CodeIgniter\CodeIgniter->runController(Object(App\Controllers\admin))
 7 SYSTEMPATH/CodeIgniter.php(368): CodeIgniter\CodeIgniter->handleRequest(null, Object(Config\Cache), false)
 8 FCPATH/index.php(67): CodeIgniter\CodeIgniter->run()
INFO - 2023-01-28 06:14:46 --> Session: Class initialized using 'CodeIgniter\Session\Handlers\FileHandler' driver.
INFO - 2023-01-28 06:14:47 --> Session: Class initialized using 'CodeIgniter\Session\Handlers\FileHandler' driver.
INFO - 2023-01-28 06:14:57 --> Session: Class initialized using 'CodeIgniter\Session\Handlers\FileHandler' driver.
CRITICAL - 2023-01-28 06:14:57 --> "mxn_leghth" is not a valid rule.
in SYSTEMPATH/Validation/Validation.php on line 320.
 1 SYSTEMPATH/Validation/Validation.php(320): CodeIgniter\Validation\Exceptions\ValidationException::forRuleNotFound('mxn_leghth')
 2 SYSTEMPATH/Validation/Validation.php(170): CodeIgniter\Validation\Validation->processRules('username', 'username', 'raj', [...], [...])
 3 SYSTEMPATH/Controller.php(140): CodeIgniter\Validation\Validation->run()
 4 APPPATH/Controllers/admin.php(39): CodeIgniter\Controller->validate([...])
 5 SYSTEMPATH/CodeIgniter.php(934): App\Controllers\admin->sinin()
 6 SYSTEMPATH/CodeIgniter.php(499): CodeIgniter\CodeIgniter->runController(Object(App\Controllers\admin))
 7 SYSTEMPATH/CodeIgniter.php(368): CodeIgniter\CodeIgniter->handleRequest(null, Object(Config\Cache), false)
 8 FCPATH/index.php(67): CodeIgniter\CodeIgniter->run()
INFO - 2023-01-28 06:15:21 --> Session: Class initialized using 'CodeIgniter\Session\Handlers\FileHandler' driver.
INFO - 2023-01-28 06:15:30 --> Session: Class initialized using 'CodeIgniter\Session\Handlers\FileHandler' driver.
CRITICAL - 2023-01-28 06:15:30 --> "mxn_leghth" is not a valid rule.
in SYSTEMPATH/Validation/Validation.php on line 320.
 1 SYSTEMPATH/Validation/Validation.php(320): CodeIgniter\Validation\Exceptions\ValidationException::forRuleNotFound('mxn_leghth')
 2 SYSTEMPATH/Validation/Validation.php(170): CodeIgniter\Validation\Validation->processRules('username', 'username', 'raj', [...], [...])
 3 SYSTEMPATH/Controller.php(140): CodeIgniter\Validation\Validation->run()
 4 APPPATH/Controllers/admin.php(39): CodeIgniter\Controller->validate([...])
 5 SYSTEMPATH/CodeIgniter.php(934): App\Controllers\admin->sinin()
 6 SYSTEMPATH/CodeIgniter.php(499): CodeIgniter\CodeIgniter->runController(Object(App\Controllers\admin))
 7 SYSTEMPATH/CodeIgniter.php(368): CodeIgniter\CodeIgniter->handleRequest(null, Object(Config\Cache), false)
 8 FCPATH/index.php(67): CodeIgniter\CodeIgniter->run()
INFO - 2023-01-28 06:15:43 --> Session: Class initialized using 'CodeIgniter\Session\Handlers\FileHandler' driver.
INFO - 2023-01-28 06:15:52 --> Session: Class initialized using 'CodeIgniter\Session\Handlers\FileHandler' driver.
CRITICAL - 2023-01-28 06:15:52 --> "max_leghth" is not a valid rule.
in SYSTEMPATH/Validation/Validation.php on line 320.
 1 SYSTEMPATH/Validation/Validation.php(320): CodeIgniter\Validation\Exceptions\ValidationException::forRuleNotFound('max_leghth')
 2 SYSTEMPATH/Validation/Validation.php(170): CodeIgniter\Validation\Validation->processRules('username', 'username', 'raj', [...], [...])
 3 SYSTEMPATH/Controller.php(140): CodeIgniter\Validation\Validation->run()
 4 APPPATH/Controllers/admin.php(39): CodeIgniter\Controller->validate([...])
 5 SYSTEMPATH/CodeIgniter.php(934): App\Controllers\admin->sinin()
 6 SYSTEMPATH/CodeIgniter.php(499): CodeIgniter\CodeIgniter->runController(Object(App\Controllers\admin))
 7 SYSTEMPATH/CodeIgniter.php(368): CodeIgniter\CodeIgniter->handleRequest(null, Object(Config\Cache), false)
 8 FCPATH/index.php(67): CodeIgniter\CodeIgniter->run()
INFO - 2023-01-28 06:28:09 --> Session: Class initialized using 'CodeIgniter\Session\Handlers\FileHandler' driver.
INFO - 2023-01-28 06:28:11 --> Session: Class initialized using 'CodeIgniter\Session\Handlers\FileHandler' driver.
INFO - 2023-01-28 06:28:20 --> Session: Class initialized using 'CodeIgniter\Session\Handlers\FileHandler' driver.
CRITICAL - 2023-01-28 06:28:20 --> "min_leghth" is not a valid rule.
in SYSTEMPATH/Validation/Validation.php on line 320.
 1 SYSTEMPATH/Validation/Validation.php(320): CodeIgniter\Validation\Exceptions\ValidationException::forRuleNotFound('min_leghth')
 2 SYSTEMPATH/Validation/Validation.php(170): CodeIgniter\Validation\Validation->processRules('mobile', 'mobile', '9874563219', [...], [...])
 3 SYSTEMPATH/Controller.php(140): CodeIgniter\Validation\Validation->run()
 4 APPPATH/Controllers/admin.php(43): CodeIgniter\Controller->validate([...])
 5 SYSTEMPATH/CodeIgniter.php(934): App\Controllers\admin->sinin()
 6 SYSTEMPATH/CodeIgniter.php(499): CodeIgniter\CodeIgniter->runController(Object(App\Controllers\admin))
 7 SYSTEMPATH/CodeIgniter.php(368): CodeIgniter\CodeIgniter->handleRequest(null, Object(Config\Cache), false)
 8 FCPATH/index.php(67): CodeIgniter\CodeIgniter->run()
INFO - 2023-01-28 07:32:02 --> Session: Class initialized using 'CodeIgniter\Session\Handlers\FileHandler' driver.
INFO - 2023-01-28 07:34:42 --> Session: Class initialized using 'CodeIgniter\Session\Handlers\FileHandler' driver.
INFO - 2023-01-28 07:34:59 --> Session: Class initialized using 'CodeIgniter\Session\Handlers\FileHandler' driver.
CRITICAL - 2023-01-28 07:34:59 --> "min_leghth" is not a valid rule.
in SYSTEMPATH/Validation/Validation.php on line 320.
 1 SYSTEMPATH/Validation/Validation.php(320): CodeIgniter\Validation\Exceptions\ValidationException::forRuleNotFound('min_leghth')
 2 SYSTEMPATH/Validation/Validation.php(170): CodeIgniter\Validation\Validation->processRules('mobile', 'mobile', '8985454784', [...], [...])
 3 SYSTEMPATH/Controller.php(140): CodeIgniter\Validation\Validation->run()
 4 APPPATH/Controllers/admin.php(41): CodeIgniter\Controller->validate([...])
 5 SYSTEMPATH/CodeIgniter.php(934): App\Controllers\admin->sinin()
 6 SYSTEMPATH/CodeIgniter.php(499): CodeIgniter\CodeIgniter->runController(Object(App\Controllers\admin))
 7 SYSTEMPATH/CodeIgniter.php(368): CodeIgniter\CodeIgniter->handleRequest(null, Object(Config\Cache), false)
 8 FCPATH/index.php(67): CodeIgniter\CodeIgniter->run()
INFO - 2023-01-28 07:48:43 --> Session: Class initialized using 'CodeIgniter\Session\Handlers\FileHandler' driver.
CRITICAL - 2023-01-28 07:48:43 --> "min_leghth" is not a valid rule.
in SYSTEMPATH/Validation/Validation.php on line 320.
 1 SYSTEMPATH/Validation/Validation.php(320): CodeIgniter\Validation\Exceptions\ValidationException::forRuleNotFound('min_leghth')
 2 SYSTEMPATH/Validation/Validation.php(170): CodeIgniter\Validation\Validation->processRules('username', 'username', 'a', [...], [...])
 3 SYSTEMPATH/Controller.php(140): CodeIgniter\Validation\Validation->run()
 4 APPPATH/Controllers/admin.php(43): CodeIgniter\Controller->validate([...])
 5 SYSTEMPATH/CodeIgniter.php(934): App\Controllers\admin->sinin()
 6 SYSTEMPATH/CodeIgniter.php(499): CodeIgniter\CodeIgniter->runController(Object(App\Controllers\admin))
 7 SYSTEMPATH/CodeIgniter.php(368): CodeIgniter\CodeIgniter->handleRequest(null, Object(Config\Cache), false)
 8 FCPATH/index.php(67): CodeIgniter\CodeIgniter->run()
INFO - 2023-01-28 07:48:44 --> Session: Class initialized using 'CodeIgniter\Session\Handlers\FileHandler' driver.
INFO - 2023-01-28 07:48:47 --> Session: Class initialized using 'CodeIgniter\Session\Handlers\FileHandler' driver.
INFO - 2023-01-28 07:48:58 --> Session: Class initialized using 'CodeIgniter\Session\Handlers\FileHandler' driver.
CRITICAL - 2023-01-28 07:48:58 --> "min_leghth" is not a valid rule.
in SYSTEMPATH/Validation/Validation.php on line 320.
 1 SYSTEMPATH/Validation/Validation.php(320): CodeIgniter\Validation\Exceptions\ValidationException::forRuleNotFound('min_leghth')
 2 SYSTEMPATH/Validation/Validation.php(170): CodeIgniter\Validation\Validation->processRules('username', 'username', 'raj', [...], [...])
 3 SYSTEMPATH/Controller.php(140): CodeIgniter\Validation\Validation->run()
 4 APPPATH/Controllers/admin.php(43): CodeIgniter\Controller->validate([...])
 5 SYSTEMPATH/CodeIgniter.php(934): App\Controllers\admin->sinin()
 6 SYSTEMPATH/CodeIgniter.php(499): CodeIgniter\CodeIgniter->runController(Object(App\Controllers\admin))
 7 SYSTEMPATH/CodeIgniter.php(368): CodeIgniter\CodeIgniter->handleRequest(null, Object(Config\Cache), false)
 8 FCPATH/index.php(67): CodeIgniter\CodeIgniter->run()
INFO - 2023-01-28 07:50:45 --> Session: Class initialized using 'CodeIgniter\Session\Handlers\FileHandler' driver.
INFO - 2023-01-28 07:50:47 --> Session: Class initialized using 'CodeIgniter\Session\Handlers\FileHandler' driver.
INFO - 2023-01-28 07:50:49 --> Session: Class initialized using 'CodeIgniter\Session\Handlers\FileHandler' driver.
INFO - 2023-01-28 07:51:00 --> Session: Class initialized using 'CodeIgniter\Session\Handlers\FileHandler' driver.
CRITICAL - 2023-01-28 07:51:00 --> "min_leghth" is not a valid rule.
in SYSTEMPATH/Validation/Validation.php on line 320.
 1 SYSTEMPATH/Validation/Validation.php(320): CodeIgniter\Validation\Exceptions\ValidationException::forRuleNotFound('min_leghth')
 2 SYSTEMPATH/Validation/Validation.php(170): CodeIgniter\Validation\Validation->processRules('username', 'username', 'asd', [...], [...])
 3 SYSTEMPATH/Controller.php(140): CodeIgniter\Validation\Validation->run()
 4 APPPATH/Controllers/admin.php(43): CodeIgniter\Controller->validate([...])
 5 SYSTEMPATH/CodeIgniter.php(934): App\Controllers\admin->sinin()
 6 SYSTEMPATH/CodeIgniter.php(499): CodeIgniter\CodeIgniter->runController(Object(App\Controllers\admin))
 7 SYSTEMPATH/CodeIgniter.php(368): CodeIgniter\CodeIgniter->handleRequest(null, Object(Config\Cache), false)
 8 FCPATH/index.php(67): CodeIgniter\CodeIgniter->run()
INFO - 2023-01-28 07:57:37 --> Session: Class initialized using 'CodeIgniter\Session\Handlers\FileHandler' driver.
INFO - 2023-01-28 07:57:42 --> Session: Class initialized using 'CodeIgniter\Session\Handlers\FileHandler' driver.
INFO - 2023-01-28 07:57:45 --> Session: Class initialized using 'CodeIgniter\Session\Handlers\FileHandler' driver.
INFO - 2023-01-28 07:57:48 --> Session: Class initialized using 'CodeIgniter\Session\Handlers\FileHandler' driver.
INFO - 2023-01-28 07:57:50 --> Session: Class initialized using 'CodeIgniter\Session\Handlers\FileHandler' driver.
INFO - 2023-01-28 07:58:00 --> Session: Class initialized using 'CodeIgniter\Session\Handlers\FileHandler' driver.
CRITICAL - 2023-01-28 07:58:00 --> "min_leghth" is not a valid rule.
in SYSTEMPATH/Validation/Validation.php on line 320.
 1 SYSTEMPATH/Validation/Validation.php(320): CodeIgniter\Validation\Exceptions\ValidationException::forRuleNotFound('min_leghth')
 2 SYSTEMPATH/Validation/Validation.php(170): CodeIgniter\Validation\Validation->processRules('username', 'username', 'a', [...], [...])
 3 SYSTEMPATH/Controller.php(140): CodeIgniter\Validation\Validation->run()
 4 APPPATH/Controllers/admin.php(43): CodeIgniter\Controller->validate([...])
 5 SYSTEMPATH/CodeIgniter.php(934): App\Controllers\admin->sinin()
 6 SYSTEMPATH/CodeIgniter.php(499): CodeIgniter\CodeIgniter->runController(Object(App\Controllers\admin))
 7 SYSTEMPATH/CodeIgniter.php(368): CodeIgniter\CodeIgniter->handleRequest(null, Object(Config\Cache), false)
 8 FCPATH/index.php(67): CodeIgniter\CodeIgniter->run()
INFO - 2023-01-28 08:01:11 --> Session: Class initialized using 'CodeIgniter\Session\Handlers\FileHandler' driver.
INFO - 2023-01-28 08:01:12 --> Session: Class initialized using 'CodeIgniter\Session\Handlers\FileHandler' driver.
INFO - 2023-01-28 08:01:21 --> Session: Class initialized using 'CodeIgniter\Session\Handlers\FileHandler' driver.
INFO - 2023-01-28 08:04:27 --> Session: Class initialized using 'CodeIgniter\Session\Handlers\FileHandler' driver.
INFO - 2023-01-28 08:10:13 --> Session: Class initialized using 'CodeIgniter\Session\Handlers\FileHandler' driver.
INFO - 2023-01-28 08:10:15 --> Session: Class initialized using 'CodeIgniter\Session\Handlers\FileHandler' driver.
INFO - 2023-01-28 08:10:39 --> Session: Class initialized using 'CodeIgniter\Session\Handlers\FileHandler' driver.
CRITICAL - 2023-01-28 08:10:39 --> "max_leghth" is not a valid rule.
in SYSTEMPATH/Validation/Validation.php on line 320.
 1 SYSTEMPATH/Validation/Validation.php(320): CodeIgniter\Validation\Exceptions\ValidationException::forRuleNotFound('max_leghth')
 2 SYSTEMPATH/Validation/Validation.php(170): CodeIgniter\Validation\Validation->processRules('username', 'username', 'raj', [...], [...])
 3 SYSTEMPATH/Controller.php(140): CodeIgniter\Validation\Validation->run()
 4 APPPATH/Controllers/admin.php(43): CodeIgniter\Controller->validate([...])
 5 SYSTEMPATH/CodeIgniter.php(934): App\Controllers\admin->sinin()
 6 SYSTEMPATH/CodeIgniter.php(499): CodeIgniter\CodeIgniter->runController(Object(App\Controllers\admin))
 7 SYSTEMPATH/CodeIgniter.php(368): CodeIgniter\CodeIgniter->handleRequest(null, Object(Config\Cache), false)
 8 FCPATH/index.php(67): CodeIgniter\CodeIgniter->run()
INFO - 2023-01-28 08:11:17 --> Session: Class initialized using 'CodeIgniter\Session\Handlers\FileHandler' driver.
INFO - 2023-01-28 08:11:26 --> Session: Class initialized using 'CodeIgniter\Session\Handlers\FileHandler' driver.
INFO - 2023-01-28 08:12:28 --> Session: Class initialized using 'CodeIgniter\Session\Handlers\FileHandler' driver.
INFO - 2023-01-28 08:14:14 --> Session: Class initialized using 'CodeIgniter\Session\Handlers\FileHandler' driver.
INFO - 2023-01-28 08:14:32 --> Session: Class initialized using 'CodeIgniter\Session\Handlers\FileHandler' driver.
INFO - 2023-01-28 08:15:02 --> Session: Class initialized using 'CodeIgniter\Session\Handlers\FileHandler' driver.
INFO - 2023-01-28 08:17:01 --> Session: Class initialized using 'CodeIgniter\Session\Handlers\FileHandler' driver.
INFO - 2023-01-28 08:17:45 --> Session: Class initialized using 'CodeIgniter\Session\Handlers\FileHandler' driver.
ERROR - 2023-01-28 08:17:45 --> mysqli_sql_exception: Table 'ci4_ecom.users' doesn't exist in /opt/lampp/htdocs/ci4/test_ecom/vendor/codeigniter4/framework/system/Database/MySQLi/Connection.php:295
Stack trace:
#0 /opt/lampp/htdocs/ci4/test_ecom/vendor/codeigniter4/framework/system/Database/MySQLi/Connection.php(295): mysqli->query('INSERT INTO `us...', 0)
#1 /opt/lampp/htdocs/ci4/test_ecom/vendor/codeigniter4/framework/system/Database/BaseConnection.php(691): CodeIgniter\Database\MySQLi\Connection->execute('INSERT INTO `us...')
#2 /opt/lampp/htdocs/ci4/test_ecom/vendor/codeigniter4/framework/system/Database/BaseConnection.php(605): CodeIgniter\Database\BaseConnection->simpleQuery('INSERT INTO `us...')
#3 /opt/lampp/htdocs/ci4/test_ecom/vendor/codeigniter4/framework/system/Database/BaseBuilder.php(2295): CodeIgniter\Database\BaseConnection->query('INSERT INTO `us...', Array, false)
#4 /opt/lampp/htdocs/ci4/test_ecom/vendor/codeigniter4/framework/system/Model.php(329): CodeIgniter\Database\BaseBuilder->insert()
#5 /opt/lampp/htdocs/ci4/test_ecom/vendor/codeigniter4/framework/system/BaseModel.php(782): CodeIgniter\Model->doInsert(Array)
#6 /opt/lampp/htdocs/ci4/test_ecom/vendor/codeigniter4/framework/system/Model.php(729): CodeIgniter\BaseModel->insert(Array, false)
#7 /opt/lampp/htdocs/ci4/test_ecom/vendor/codeigniter4/framework/system/BaseModel.php(692): CodeIgniter\Model->insert(Array, false)
#8 /opt/lampp/htdocs/ci4/test_ecom/app/Controllers/admin.php(54): CodeIgniter\BaseModel->save(Array)
#9 /opt/lampp/htdocs/ci4/test_ecom/vendor/codeigniter4/framework/system/CodeIgniter.php(934): App\Controllers\admin->sinin()
#10 /opt/lampp/htdocs/ci4/test_ecom/vendor/codeigniter4/framework/system/CodeIgniter.php(499): CodeIgniter\CodeIgniter->runController(Object(App\Controllers\admin))
#11 /opt/lampp/htdocs/ci4/test_ecom/vendor/codeigniter4/framework/system/CodeIgniter.php(368): CodeIgniter\CodeIgniter->handleRequest(NULL, Object(Config\Cache), false)
#12 /opt/lampp/htdocs/ci4/test_ecom/index.php(67): CodeIgniter\CodeIgniter->run()
#13 {main}
CRITICAL - 2023-01-28 08:17:45 --> Table 'ci4_ecom.users' doesn't exist
in SYSTEMPATH/Database/BaseConnection.php on line 645.
 1 SYSTEMPATH/Database/BaseBuilder.php(2295): CodeIgniter\Database\BaseConnection->query('INSERT INTO `users` (`email`, `password`, `created_at`) VALUES (:email:, :password:, :created_at:)', [...], false)
 2 SYSTEMPATH/Model.php(329): CodeIgniter\Database\BaseBuilder->insert()
 3 SYSTEMPATH/BaseModel.php(782): CodeIgniter\Model->doInsert([...])
 4 SYSTEMPATH/Model.php(729): CodeIgniter\BaseModel->insert([...], false)
 5 SYSTEMPATH/BaseModel.php(692): CodeIgniter\Model->insert([...], false)
 6 APPPATH/Controllers/admin.php(54): CodeIgniter\BaseModel->save([...])
 7 SYSTEMPATH/CodeIgniter.php(934): App\Controllers\admin->sinin()
 8 SYSTEMPATH/CodeIgniter.php(499): CodeIgniter\CodeIgniter->runController(Object(App\Controllers\admin))
 9 SYSTEMPATH/CodeIgniter.php(368): CodeIgniter\CodeIgniter->handleRequest(null, Object(Config\Cache), false)
10 FCPATH/index.php(67): CodeIgniter\CodeIgniter->run()
INFO - 2023-01-28 08:18:22 --> Session: Class initialized using 'CodeIgniter\Session\Handlers\FileHandler' driver.
INFO - 2023-01-28 08:18:27 --> Session: Class initialized using 'CodeIgniter\Session\Handlers\FileHandler' driver.
INFO - 2023-01-28 08:18:30 --> Session: Class initialized using 'CodeIgniter\Session\Handlers\FileHandler' driver.
INFO - 2023-01-28 08:18:45 --> Session: Class initialized using 'CodeIgniter\Session\Handlers\FileHandler' driver.
ERROR - 2023-01-28 08:18:45 --> mysqli_sql_exception: Unknown column 'created_at' in 'field list' in /opt/lampp/htdocs/ci4/test_ecom/vendor/codeigniter4/framework/system/Database/MySQLi/Connection.php:295
Stack trace:
#0 /opt/lampp/htdocs/ci4/test_ecom/vendor/codeigniter4/framework/system/Database/MySQLi/Connection.php(295): mysqli->query('INSERT INTO `ad...', 0)
#1 /opt/lampp/htdocs/ci4/test_ecom/vendor/codeigniter4/framework/system/Database/BaseConnection.php(691): CodeIgniter\Database\MySQLi\Connection->execute('INSERT INTO `ad...')
#2 /opt/lampp/htdocs/ci4/test_ecom/vendor/codeigniter4/framework/system/Database/BaseConnection.php(605): CodeIgniter\Database\BaseConnection->simpleQuery('INSERT INTO `ad...')
#3 /opt/lampp/htdocs/ci4/test_ecom/vendor/codeigniter4/framework/system/Database/BaseBuilder.php(2295): CodeIgniter\Database\BaseConnection->query('INSERT INTO `ad...', Array, false)
#4 /opt/lampp/htdocs/ci4/test_ecom/vendor/codeigniter4/framework/system/Model.php(329): CodeIgniter\Database\BaseBuilder->insert()
#5 /opt/lampp/htdocs/ci4/test_ecom/vendor/codeigniter4/framework/system/BaseModel.php(782): CodeIgniter\Model->doInsert(Array)
#6 /opt/lampp/htdocs/ci4/test_ecom/vendor/codeigniter4/framework/system/Model.php(729): CodeIgniter\BaseModel->insert(Array, false)
#7 /opt/lampp/htdocs/ci4/test_ecom/vendor/codeigniter4/framework/system/BaseModel.php(692): CodeIgniter\Model->insert(Array, false)
#8 /opt/lampp/htdocs/ci4/test_ecom/app/Controllers/admin.php(54): CodeIgniter\BaseModel->save(Array)
#9 /opt/lampp/htdocs/ci4/test_ecom/vendor/codeigniter4/framework/system/CodeIgniter.php(934): App\Controllers\admin->sinin()
#10 /opt/lampp/htdocs/ci4/test_ecom/vendor/codeigniter4/framework/system/CodeIgniter.php(499): CodeIgniter\CodeIgniter->runController(Object(App\Controllers\admin))
#11 /opt/lampp/htdocs/ci4/test_ecom/vendor/codeigniter4/framework/system/CodeIgniter.php(368): CodeIgniter\CodeIgniter->handleRequest(NULL, Object(Config\Cache), false)
#12 /opt/lampp/htdocs/ci4/test_ecom/index.php(67): CodeIgniter\CodeIgniter->run()
#13 {main}
CRITICAL - 2023-01-28 08:18:45 --> Unknown column 'created_at' in 'field list'
in SYSTEMPATH/Database/BaseConnection.php on line 645.
 1 SYSTEMPATH/Database/BaseBuilder.php(2295): CodeIgniter\Database\BaseConnection->query('INSERT INTO `admin_users` (`email`, `password`, `created_at`) VALUES (:email:, :password:, :created_at:)', [...], false)
 2 SYSTEMPATH/Model.php(329): CodeIgniter\Database\BaseBuilder->insert()
 3 SYSTEMPATH/BaseModel.php(782): CodeIgniter\Model->doInsert([...])
 4 SYSTEMPATH/Model.php(729): CodeIgniter\BaseModel->insert([...], false)
 5 SYSTEMPATH/BaseModel.php(692): CodeIgniter\Model->insert([...], false)
 6 APPPATH/Controllers/admin.php(54): CodeIgniter\BaseModel->save([...])
 7 SYSTEMPATH/CodeIgniter.php(934): App\Controllers\admin->sinin()
 8 SYSTEMPATH/CodeIgniter.php(499): CodeIgniter\CodeIgniter->runController(Object(App\Controllers\admin))
 9 SYSTEMPATH/CodeIgniter.php(368): CodeIgniter\CodeIgniter->handleRequest(null, Object(Config\Cache), false)
10 FCPATH/index.php(67): CodeIgniter\CodeIgniter->run()
INFO - 2023-01-28 09:30:14 --> Session: Class initialized using 'CodeIgniter\Session\Handlers\FileHandler' driver.
INFO - 2023-01-28 09:30:22 --> Session: Class initialized using 'CodeIgniter\Session\Handlers\FileHandler' driver.
ERROR - 2023-01-28 09:30:22 --> mysqli_sql_exception: Unknown column 'created_at' in 'field list' in /opt/lampp/htdocs/ci4/test_ecom/vendor/codeigniter4/framework/system/Database/MySQLi/Connection.php:295
Stack trace:
#0 /opt/lampp/htdocs/ci4/test_ecom/vendor/codeigniter4/framework/system/Database/MySQLi/Connection.php(295): mysqli->query('INSERT INTO `ad...', 0)
#1 /opt/lampp/htdocs/ci4/test_ecom/vendor/codeigniter4/framework/system/Database/BaseConnection.php(691): CodeIgniter\Database\MySQLi\Connection->execute('INSERT INTO `ad...')
#2 /opt/lampp/htdocs/ci4/test_ecom/vendor/codeigniter4/framework/system/Database/BaseConnection.php(605): CodeIgniter\Database\BaseConnection->simpleQuery('INSERT INTO `ad...')
#3 /opt/lampp/htdocs/ci4/test_ecom/vendor/codeigniter4/framework/system/Database/BaseBuilder.php(2295): CodeIgniter\Database\BaseConnection->query('INSERT INTO `ad...', Array, false)
#4 /opt/lampp/htdocs/ci4/test_ecom/vendor/codeigniter4/framework/system/Model.php(329): CodeIgniter\Database\BaseBuilder->insert()
#5 /opt/lampp/htdocs/ci4/test_ecom/vendor/codeigniter4/framework/system/BaseModel.php(782): CodeIgniter\Model->doInsert(Array)
#6 /opt/lampp/htdocs/ci4/test_ecom/vendor/codeigniter4/framework/system/Model.php(729): CodeIgniter\BaseModel->insert(Array, false)
#7 /opt/lampp/htdocs/ci4/test_ecom/vendor/codeigniter4/framework/system/BaseModel.php(692): CodeIgniter\Model->insert(Array, false)
#8 /opt/lampp/htdocs/ci4/test_ecom/app/Controllers/admin.php(54): CodeIgniter\BaseModel->save(Array)
#9 /opt/lampp/htdocs/ci4/test_ecom/vendor/codeigniter4/framework/system/CodeIgniter.php(934): App\Controllers\admin->sinin()
#10 /opt/lampp/htdocs/ci4/test_ecom/vendor/codeigniter4/framework/system/CodeIgniter.php(499): CodeIgniter\CodeIgniter->runController(Object(App\Controllers\admin))
#11 /opt/lampp/htdocs/ci4/test_ecom/vendor/codeigniter4/framework/system/CodeIgniter.php(368): CodeIgniter\CodeIgniter->handleRequest(NULL, Object(Config\Cache), false)
#12 /opt/lampp/htdocs/ci4/test_ecom/index.php(67): CodeIgniter\CodeIgniter->run()
#13 {main}
CRITICAL - 2023-01-28 09:30:22 --> Unknown column 'created_at' in 'field list'
in SYSTEMPATH/Database/BaseConnection.php on line 645.
 1 SYSTEMPATH/Database/BaseBuilder.php(2295): CodeIgniter\Database\BaseConnection->query('INSERT INTO `admin_users` (`email`, `password`, `created_at`) VALUES (:email:, :password:, :created_at:)', [...], false)
 2 SYSTEMPATH/Model.php(329): CodeIgniter\Database\BaseBuilder->insert()
 3 SYSTEMPATH/BaseModel.php(782): CodeIgniter\Model->doInsert([...])
 4 SYSTEMPATH/Model.php(729): CodeIgniter\BaseModel->insert([...], false)
 5 SYSTEMPATH/BaseModel.php(692): CodeIgniter\Model->insert([...], false)
 6 APPPATH/Controllers/admin.php(54): CodeIgniter\BaseModel->save([...])
 7 SYSTEMPATH/CodeIgniter.php(934): App\Controllers\admin->sinin()
 8 SYSTEMPATH/CodeIgniter.php(499): CodeIgniter\CodeIgniter->runController(Object(App\Controllers\admin))
 9 SYSTEMPATH/CodeIgniter.php(368): CodeIgniter\CodeIgniter->handleRequest(null, Object(Config\Cache), false)
10 FCPATH/index.php(67): CodeIgniter\CodeIgniter->run()
INFO - 2023-01-28 09:30:59 --> Session: Class initialized using 'CodeIgniter\Session\Handlers\FileHandler' driver.
CRITICAL - 2023-01-28 09:30:59 --> "beforeInsert" is not a valid Model Event callback.
in SYSTEMPATH/BaseModel.php on line 1559.
 1 SYSTEMPATH/BaseModel.php(1559): CodeIgniter\Database\Exceptions\DataException::forInvalidMethodTriggered('beforeInsert')
 2 SYSTEMPATH/BaseModel.php(779): CodeIgniter\BaseModel->trigger('beforeInsert', [...])
 3 SYSTEMPATH/Model.php(729): CodeIgniter\BaseModel->insert([...], false)
 4 SYSTEMPATH/BaseModel.php(692): CodeIgniter\Model->insert([...], false)
 5 APPPATH/Controllers/admin.php(54): CodeIgniter\BaseModel->save([...])
 6 SYSTEMPATH/CodeIgniter.php(934): App\Controllers\admin->sinin()
 7 SYSTEMPATH/CodeIgniter.php(499): CodeIgniter\CodeIgniter->runController(Object(App\Controllers\admin))
 8 SYSTEMPATH/CodeIgniter.php(368): CodeIgniter\CodeIgniter->handleRequest(null, Object(Config\Cache), false)
 9 FCPATH/index.php(67): CodeIgniter\CodeIgniter->run()
INFO - 2023-01-28 09:41:43 --> Session: Class initialized using 'CodeIgniter\Session\Handlers\FileHandler' driver.
INFO - 2023-01-28 09:41:43 --> Session: Class initialized using 'CodeIgniter\Session\Handlers\FileHandler' driver.
INFO - 2023-01-28 09:41:50 --> Session: Class initialized using 'CodeIgniter\Session\Handlers\FileHandler' driver.
INFO - 2023-01-28 09:42:13 --> Session: Class initialized using 'CodeIgniter\Session\Handlers\FileHandler' driver.
INFO - 2023-01-28 09:42:35 --> Session: Class initialized using 'CodeIgniter\Session\Handlers\FileHandler' driver.
INFO - 2023-01-28 09:43:02 --> Session: Class initialized using 'CodeIgniter\Session\Handlers\FileHandler' driver.
INFO - 2023-01-28 09:43:15 --> Session: Class initialized using 'CodeIgniter\Session\Handlers\FileHandler' driver.
INFO - 2023-01-28 09:43:15 --> Session: Class initialized using 'CodeIgniter\Session\Handlers\FileHandler' driver.
INFO - 2023-01-28 09:43:42 --> Session: Class initialized using 'CodeIgniter\Session\Handlers\FileHandler' driver.
INFO - 2023-01-28 09:43:54 --> Session: Class initialized using 'CodeIgniter\Session\Handlers\FileHandler' driver.
INFO - 2023-01-28 09:43:54 --> Session: Class initialized using 'CodeIgniter\Session\Handlers\FileHandler' driver.
INFO - 2023-01-28 09:48:17 --> Session: Class initialized using 'CodeIgniter\Session\Handlers\FileHandler' driver.
INFO - 2023-01-28 09:48:18 --> Session: Class initialized using 'CodeIgniter\Session\Handlers\FileHandler' driver.
INFO - 2023-01-28 09:48:30 --> Session: Class initialized using 'CodeIgniter\Session\Handlers\FileHandler' driver.
INFO - 2023-01-28 09:48:44 --> Session: Class initialized using 'CodeIgniter\Session\Handlers\FileHandler' driver.
INFO - 2023-01-28 09:48:44 --> Session: Class initialized using 'CodeIgniter\Session\Handlers\FileHandler' driver.
INFO - 2023-01-28 09:53:19 --> Session: Class initialized using 'CodeIgniter\Session\Handlers\FileHandler' driver.
INFO - 2023-01-28 09:53:21 --> Session: Class initialized using 'CodeIgniter\Session\Handlers\FileHandler' driver.
INFO - 2023-01-28 09:53:33 --> Session: Class initialized using 'CodeIgniter\Session\Handlers\FileHandler' driver.
INFO - 2023-01-28 09:53:33 --> Session: Class initialized using 'CodeIgniter\Session\Handlers\FileHandler' driver.
INFO - 2023-01-28 09:55:21 --> Session: Class initialized using 'CodeIgniter\Session\Handlers\FileHandler' driver.
INFO - 2023-01-28 09:55:39 --> Session: Class initialized using 'CodeIgniter\Session\Handlers\FileHandler' driver.
INFO - 2023-01-28 09:55:49 --> Session: Class initialized using 'CodeIgniter\Session\Handlers\FileHandler' driver.
INFO - 2023-01-28 09:55:49 --> Session: Class initialized using 'CodeIgniter\Session\Handlers\FileHandler' driver.
INFO - 2023-01-28 09:56:27 --> Session: Class initialized using 'CodeIgniter\Session\Handlers\FileHandler' driver.
INFO - 2023-01-28 09:56:46 --> Session: Class initialized using 'CodeIgniter\Session\Handlers\FileHandler' driver.
INFO - 2023-01-28 09:56:46 --> Session: Class initialized using 'CodeIgniter\Session\Handlers\FileHandler' driver.
INFO - 2023-01-28 10:00:25 --> Session: Class initialized using 'CodeIgniter\Session\Handlers\FileHandler' driver.
INFO - 2023-01-28 10:00:34 --> Session: Class initialized using 'CodeIgniter\Session\Handlers\FileHandler' driver.
INFO - 2023-01-28 10:00:46 --> Session: Class initialized using 'CodeIgniter\Session\Handlers\FileHandler' driver.
INFO - 2023-01-28 10:00:47 --> Session: Class initialized using 'CodeIgniter\Session\Handlers\FileHandler' driver.
INFO - 2023-01-28 10:00:51 --> Session: Class initialized using 'CodeIgniter\Session\Handlers\FileHandler' driver.
INFO - 2023-01-28 10:01:23 --> Session: Class initialized using 'CodeIgniter\Session\Handlers\FileHandler' driver.
INFO - 2023-01-28 10:01:34 --> Session: Class initialized using 'CodeIgniter\Session\Handlers\FileHandler' driver.
INFO - 2023-01-28 10:01:34 --> Session: Class initialized using 'CodeIgniter\Session\Handlers\FileHandler' driver.
INFO - 2023-01-28 13:04:56 --> Session: Class initialized using 'CodeIgniter\Session\Handlers\FileHandler' driver.
INFO - 2023-01-28 13:05:05 --> Session: Class initialized using 'CodeIgniter\Session\Handlers\FileHandler' driver.
INFO - 2023-01-28 13:05:41 --> Session: Class initialized using 'CodeIgniter\Session\Handlers\FileHandler' driver.
INFO - 2023-01-28 13:06:14 --> Session: Class initialized using 'CodeIgniter\Session\Handlers\FileHandler' driver.
INFO - 2023-01-28 13:06:20 --> Session: Class initialized using 'CodeIgniter\Session\Handlers\FileHandler' driver.
INFO - 2023-01-28 13:06:34 --> Session: Class initialized using 'CodeIgniter\Session\Handlers\FileHandler' driver.
INFO - 2023-01-28 13:06:39 --> Session: Class initialized using 'CodeIgniter\Session\Handlers\FileHandler' driver.
INFO - 2023-01-28 13:06:41 --> Session: Class initialized using 'CodeIgniter\Session\Handlers\FileHandler' driver.
INFO - 2023-01-28 13:06:42 --> Session: Class initialized using 'CodeIgniter\Session\Handlers\FileHandler' driver.
INFO - 2023-01-28 13:07:11 --> Session: Class initialized using 'CodeIgniter\Session\Handlers\FileHandler' driver.
INFO - 2023-01-28 13:07:17 --> Session: Class initialized using 'CodeIgniter\Session\Handlers\FileHandler' driver.
INFO - 2023-01-28 13:07:27 --> Session: Class initialized using 'CodeIgniter\Session\Handlers\FileHandler' driver.
INFO - 2023-01-28 13:07:56 --> Session: Class initialized using 'CodeIgniter\Session\Handlers\FileHandler' driver.
INFO - 2023-01-28 13:08:58 --> Session: Class initialized using 'CodeIgniter\Session\Handlers\FileHandler' driver.
INFO - 2023-01-28 13:09:03 --> Session: Class initialized using 'CodeIgniter\Session\Handlers\FileHandler' driver.
INFO - 2023-01-28 13:09:12 --> Session: Class initialized using 'CodeIgniter\Session\Handlers\FileHandler' driver.
INFO - 2023-01-28 13:09:14 --> Session: Class initialized using 'CodeIgniter\Session\Handlers\FileHandler' driver.
INFO - 2023-01-28 13:09:22 --> Session: Class initialized using 'CodeIgniter\Session\Handlers\FileHandler' driver.
INFO - 2023-01-28 13:25:23 --> Session: Class initialized using 'CodeIgniter\Session\Handlers\FileHandler' driver.
INFO - 2023-01-28 13:25:31 --> Session: Class initialized using 'CodeIgniter\Session\Handlers\FileHandler' driver.
CRITICAL - 2023-01-28 13:25:31 --> Class 'App\Validation\StrictRules\AdminRole' not found
in SYSTEMPATH/Validation/Validation.php on line 596.
 1 SYSTEMPATH/Validation/Validation.php(117): CodeIgniter\Validation\Validation->loadRuleSets()
 2 SYSTEMPATH/Controller.php(140): CodeIgniter\Validation\Validation->run()
 3 APPPATH/Controllers/admin.php(33): CodeIgniter\Controller->validate([...], [...])
 4 SYSTEMPATH/CodeIgniter.php(934): App\Controllers\admin->login()
 5 SYSTEMPATH/CodeIgniter.php(499): CodeIgniter\CodeIgniter->runController(Object(App\Controllers\admin))
 6 SYSTEMPATH/CodeIgniter.php(368): CodeIgniter\CodeIgniter->handleRequest(null, Object(Config\Cache), false)
 7 FCPATH/index.php(67): CodeIgniter\CodeIgniter->run()
INFO - 2023-01-28 13:26:00 --> Session: Class initialized using 'CodeIgniter\Session\Handlers\FileHandler' driver.
INFO - 2023-01-28 13:26:12 --> Session: Class initialized using 'CodeIgniter\Session\Handlers\FileHandler' driver.
INFO - 2023-01-28 13:26:21 --> Session: Class initialized using 'CodeIgniter\Session\Handlers\FileHandler' driver.
INFO - 2023-01-28 13:26:57 --> Session: Class initialized using 'CodeIgniter\Session\Handlers\FileHandler' driver.
INFO - 2023-01-28 13:26:57 --> Session: Class initialized using 'CodeIgniter\Session\Handlers\FileHandler' driver.
INFO - 2023-01-28 13:27:04 --> Session: Class initialized using 'CodeIgniter\Session\Handlers\FileHandler' driver.
